{"level":"info","message":"🚀 Server running on port 5000","timestamp":"2025-05-10T18:17:50.115Z"}
{"level":"info","message":"Connected to MongoDB","timestamp":"2025-05-10T18:17:50.961Z"}
{"level":"info","message":"🚀 Server running on port 5000","timestamp":"2025-05-10T18:19:33.758Z"}
{"level":"info","message":"Connected to MongoDB","timestamp":"2025-05-10T18:19:34.241Z"}
{"cookies":"No cookies","level":"info","message":"Session middleware:","session":{"cookie":{"expires":"2025-05-11T18:21:42.195Z","httpOnly":true,"originalMaxAge":86400000,"path":"/","sameSite":"none","secure":true}},"sessionID":"A2XwT0XxBfJZ45YUMWd6LBPx31dV5A7f","timestamp":"2025-05-10T18:21:42.196Z","url":"/api/test"}
{"level":"info","message":"Test route hit","timestamp":"2025-05-10T18:21:42.196Z"}
{"headers":{"access-control-allow-credentials":"true","content-length":"194","content-type":"application/json; charset=utf-8","etag":"W/\"c2-QuUhzGpUVPJbIA5mF/6pkTdpIvw\"","vary":"Origin","x-powered-by":"Express"},"level":"info","message":"Response headers:","setCookie":"No Set-Cookie header","timestamp":"2025-05-10T18:21:42.230Z","url":"/api/test"}
{"cookies":"No cookies","level":"info","message":"Session middleware:","session":{"cookie":{"expires":"2025-05-11T18:21:42.244Z","httpOnly":true,"originalMaxAge":86400000,"path":"/","sameSite":"none","secure":true}},"sessionID":"Dq6hXbML4j8Vvx8QiZywO-aLVWEvt1TX","timestamp":"2025-05-10T18:21:42.244Z","url":"/favicon.ico"}
{"headers":{"access-control-allow-credentials":"true","content-length":150,"content-security-policy":"default-src 'none'","content-type":"text/html; charset=utf-8","vary":"Origin","x-content-type-options":"nosniff","x-powered-by":"Express"},"level":"info","message":"Response headers:","setCookie":"No Set-Cookie header","timestamp":"2025-05-10T18:21:42.247Z","url":"/favicon.ico"}
{"level":"info","message":"🚀 Server running on port 5000","timestamp":"2025-05-10T19:14:24.727Z"}
{"level":"info","message":"Connected to MongoDB","timestamp":"2025-05-10T19:14:27.367Z"}
{"cookies":"No cookies","level":"info","message":"Session middleware:","session":{"cookie":{"expires":"2025-05-11T19:14:59.473Z","httpOnly":true,"originalMaxAge":86400000,"path":"/","sameSite":"none","secure":true}},"sessionID":"Kmtsh53bfSpzq1pohbRlkt6n8OM6T5GF","timestamp":"2025-05-10T19:14:59.473Z","url":"/api/test"}
{"level":"info","message":"Test route hit","timestamp":"2025-05-10T19:14:59.474Z"}
{"headers":{"access-control-allow-credentials":"true","content-length":"194","content-type":"application/json; charset=utf-8","etag":"W/\"c2-ByZLgGWDhpgWHwrUAwxHyrYpImY\"","vary":"Origin","x-powered-by":"Express"},"level":"info","message":"Response headers:","setCookie":"No Set-Cookie header","timestamp":"2025-05-10T19:14:59.505Z","url":"/api/test"}
{"cookies":"No cookies","level":"info","message":"Session middleware:","session":{"cookie":{"expires":"2025-05-11T19:16:19.819Z","httpOnly":true,"originalMaxAge":86400000,"path":"/","sameSite":"none","secure":true}},"sessionID":"DxUc36zyIuSFkxwhhSJHb9rgowpWWrw6","timestamp":"2025-05-10T19:16:19.819Z","url":"/api/users/register"}
{"cookies":"No cookies","level":"info","message":"User route hit:","method":"POST","origin":"No origin","sessionID":"DxUc36zyIuSFkxwhhSJHb9rgowpWWrw6","timestamp":"2025-05-10T19:16:19.819Z","url":"/register"}
{"email":"admin1@example.com","level":"info","message":"User registered:","role":"admin","timestamp":"2025-05-10T19:16:19.951Z"}
{"level":"info","message":"Session set:","sessionID":"DxUc36zyIuSFkxwhhSJHb9rgowpWWrw6","timestamp":"2025-05-10T19:16:19.952Z","user":{"email":"admin1@example.com","id":"681fa603294c50464be6a06c","role":"admin"}}
{"headers":{"access-control-allow-credentials":"true","content-length":"97","content-type":"application/json; charset=utf-8","etag":"W/\"61-581UUrphbITORnUcu4IhSj74EAU\"","vary":"Origin","x-powered-by":"Express"},"level":"info","message":"Response headers:","setCookie":"No Set-Cookie header","timestamp":"2025-05-10T19:16:19.978Z","url":"/register"}
{"cookies":"No cookies","level":"info","message":"Session middleware:","session":{"cookie":{"expires":"2025-05-11T19:24:22.236Z","httpOnly":true,"originalMaxAge":86400000,"path":"/","sameSite":"none","secure":true}},"sessionID":"gV8M_QWkaJzMNwWfYNWtMkIqTcDlbRgt","timestamp":"2025-05-10T19:24:22.237Z","url":"/api/users/login"}
{"cookies":"No cookies","level":"info","message":"User route hit:","method":"POST","origin":"No origin","sessionID":"gV8M_QWkaJzMNwWfYNWtMkIqTcDlbRgt","timestamp":"2025-05-10T19:24:22.237Z","url":"/login"}
{"level":"info","message":"Session set:","sessionID":"gV8M_QWkaJzMNwWfYNWtMkIqTcDlbRgt","timestamp":"2025-05-10T19:24:22.325Z","user":{"email":"admin1@example.com","id":"681fa603294c50464be6a06c","role":"admin"}}
{"headers":{"access-control-allow-credentials":"true","content-length":"97","content-type":"application/json; charset=utf-8","etag":"W/\"61-581UUrphbITORnUcu4IhSj74EAU\"","vary":"Origin","x-powered-by":"Express"},"level":"info","message":"Response headers:","setCookie":"No Set-Cookie header","timestamp":"2025-05-10T19:24:22.355Z","url":"/login"}
{"level":"info","message":"🚀 Server running on port 5000","timestamp":"2025-05-10T19:28:19.341Z"}
{"level":"info","message":"Connected to MongoDB","timestamp":"2025-05-10T19:28:19.919Z"}
{"cookies":"No cookies","level":"info","message":"Session middleware:","session":{"cookie":{"expires":"2025-05-11T19:28:59.929Z","httpOnly":true,"originalMaxAge":86400000,"path":"/","sameSite":"none","secure":true}},"sessionID":"NiGjB8umh8rGZnt1i1BYkBp0fwm92-RW","timestamp":"2025-05-10T19:28:59.929Z","url":"/api/test"}
{"level":"info","message":"Test route hit","timestamp":"2025-05-10T19:28:59.930Z"}
{"headers":{"access-control-allow-credentials":"true","content-length":"194","content-type":"application/json; charset=utf-8","etag":"W/\"c2-4DxgblPb1Hjo3dfDbEe8KZ3tqwg\"","vary":"Origin","x-powered-by":"Express"},"level":"info","message":"Response headers:","setCookie":"No Set-Cookie header","timestamp":"2025-05-10T19:28:59.962Z","url":"/api/test"}
{"cookies":"No cookies","level":"info","message":"Session middleware:","session":{"cookie":{"expires":"2025-05-11T19:33:52.315Z","httpOnly":true,"originalMaxAge":86400000,"path":"/","sameSite":"none","secure":true}},"sessionID":"xqdlynI3OTRfqfxhfR0dB9fnlAgTS887","timestamp":"2025-05-10T19:33:52.315Z","url":"/api/users/profile"}
{"cookies":"No cookies","level":"info","message":"User route hit:","method":"GET","origin":"No origin","sessionID":"xqdlynI3OTRfqfxhfR0dB9fnlAgTS887","timestamp":"2025-05-10T19:33:52.315Z","url":"/profile"}
{"cookies":"No cookies","level":"warn","message":"No session or user found:","sessionID":"xqdlynI3OTRfqfxhfR0dB9fnlAgTS887","timestamp":"2025-05-10T19:33:52.316Z"}
{"headers":{"access-control-allow-credentials":"true","content-length":"26","content-type":"application/json; charset=utf-8","etag":"W/\"1a-pljHtlo127JYJR4E/RYOPb6ucbw\"","vary":"Origin","x-powered-by":"Express"},"level":"info","message":"Response headers:","setCookie":"No Set-Cookie header","timestamp":"2025-05-10T19:33:52.317Z","url":"/profile"}
{"cookies":"No cookies","level":"info","message":"Session middleware:","session":{"cookie":{"expires":"2025-05-11T19:35:59.271Z","httpOnly":true,"originalMaxAge":86400000,"path":"/","sameSite":"none","secure":true}},"sessionID":"52-_74a_NewRXvsuxByn43I47UuxErUR","timestamp":"2025-05-10T19:35:59.271Z","url":"/api/test"}
{"level":"info","message":"Test route hit","timestamp":"2025-05-10T19:35:59.271Z"}
{"headers":{"access-control-allow-credentials":"true","content-length":"194","content-type":"application/json; charset=utf-8","etag":"W/\"c2-omADAEgT2swHU88eZfc1Ra/w9Vg\"","vary":"Origin","x-powered-by":"Express"},"level":"info","message":"Response headers:","setCookie":"No Set-Cookie header","timestamp":"2025-05-10T19:35:59.301Z","url":"/api/test"}
{"cookies":"No cookies","level":"info","message":"Session middleware:","session":{"cookie":{"expires":"2025-05-11T19:36:41.174Z","httpOnly":true,"originalMaxAge":86400000,"path":"/","sameSite":"none","secure":true}},"sessionID":"1AyoaIuDtV20ljmzoWebx3aTwDHM5scM","timestamp":"2025-05-10T19:36:41.174Z","url":"/api/users/login"}
{"cookies":"No cookies","level":"info","message":"User route hit:","method":"POST","origin":"No origin","sessionID":"1AyoaIuDtV20ljmzoWebx3aTwDHM5scM","timestamp":"2025-05-10T19:36:41.174Z","url":"/login"}
{"level":"info","message":"Session set:","sessionID":"1AyoaIuDtV20ljmzoWebx3aTwDHM5scM","timestamp":"2025-05-10T19:36:41.277Z","user":{"email":"admin1@example.com","id":"681fa603294c50464be6a06c","role":"admin"}}
{"headers":{"access-control-allow-credentials":"true","content-length":"97","content-type":"application/json; charset=utf-8","etag":"W/\"61-581UUrphbITORnUcu4IhSj74EAU\"","vary":"Origin","x-powered-by":"Express"},"level":"info","message":"Response headers:","setCookie":"No Set-Cookie header","timestamp":"2025-05-10T19:36:41.550Z","url":"/login"}
{"level":"info","message":"🚀 Server running on port 5000","timestamp":"2025-05-10T19:46:04.869Z"}
{"level":"info","message":"Connected to MongoDB","timestamp":"2025-05-10T19:46:05.234Z"}
{"cookies":"No cookies","level":"info","message":"Session middleware:","session":{"cookie":{"expires":"2025-05-11T19:48:33.265Z","httpOnly":true,"originalMaxAge":86400000,"path":"/","sameSite":"lax","secure":false}},"sessionID":"XTs9kxjMMqbPtBTwp975Ro9LqQ4SPplZ","timestamp":"2025-05-10T19:48:33.265Z","url":"/api/debug/env"}
{"headers":{"access-control-allow-credentials":"true","content-length":152,"content-security-policy":"default-src 'none'","content-type":"text/html; charset=utf-8","vary":"Origin","x-content-type-options":"nosniff","x-powered-by":"Express"},"level":"info","message":"Response headers:","setCookie":"No Set-Cookie header","timestamp":"2025-05-10T19:48:33.269Z","url":"/api/debug/env"}
{"level":"info","message":"🚀 Server running on port 5000","timestamp":"2025-05-10T19:56:52.677Z"}
{"level":"info","message":"Connected to MongoDB","timestamp":"2025-05-10T19:56:53.132Z"}
{"cookies":"No cookies","level":"info","message":"Session middleware:","session":{"cookie":{"expires":"2025-05-11T19:57:22.280Z","httpOnly":true,"originalMaxAge":86400000,"path":"/","sameSite":"lax","secure":false}},"sessionID":"oEX9LeVWCqcs7CncZpT-u6n8GzwTzX0y","timestamp":"2025-05-10T19:57:22.280Z","url":"/api/debug/env"}
{"headers":{"access-control-allow-credentials":"true","content-length":"122","content-type":"application/json; charset=utf-8","etag":"W/\"7a-vwzNlXNj/j+ttrMQDgICKLjjNmE\"","vary":"Origin","x-powered-by":"Express"},"level":"info","message":"Response headers:","setCookie":"No Set-Cookie header","timestamp":"2025-05-10T19:57:22.284Z","url":"/api/debug/env"}
{"cookies":"No cookies","level":"info","message":"Session middleware:","session":{"cookie":{"expires":"2025-05-11T20:05:15.319Z","httpOnly":true,"originalMaxAge":86400000,"path":"/","sameSite":"lax","secure":false}},"sessionID":"spACGkEMgmUhsfadVwyFiEcv7E6gAlIh","timestamp":"2025-05-10T20:05:15.319Z","url":"/api/users/login"}
{"cookies":"No cookies","level":"info","message":"User route hit:","method":"POST","origin":"No origin","sessionID":"spACGkEMgmUhsfadVwyFiEcv7E6gAlIh","timestamp":"2025-05-10T20:05:15.320Z","url":"/login"}
{"level":"info","message":"Session set:","sessionID":"spACGkEMgmUhsfadVwyFiEcv7E6gAlIh","timestamp":"2025-05-10T20:05:15.419Z","user":{"email":"admin1@example.com","id":"681fa603294c50464be6a06c","role":"admin"}}
{"headers":{"access-control-allow-credentials":"true","content-length":"97","content-type":"application/json; charset=utf-8","etag":"W/\"61-581UUrphbITORnUcu4IhSj74EAU\"","set-cookie":["connect.sid=s%3AspACGkEMgmUhsfadVwyFiEcv7E6gAlIh.BqJ9mGiDXlypK7b7%2FXxWDiy8tNX68IzFrHEUM9SbjHU; Path=/; Expires=Sun, 11 May 2025 20:05:15 GMT; HttpOnly; SameSite=Lax"],"vary":"Origin","x-powered-by":"Express"},"level":"info","message":"Response headers:","setCookie":["connect.sid=s%3AspACGkEMgmUhsfadVwyFiEcv7E6gAlIh.BqJ9mGiDXlypK7b7%2FXxWDiy8tNX68IzFrHEUM9SbjHU; Path=/; Expires=Sun, 11 May 2025 20:05:15 GMT; HttpOnly; SameSite=Lax"],"timestamp":"2025-05-10T20:05:15.452Z","url":"/login"}
{"cookies":"No cookies","level":"info","message":"Session middleware:","session":{"cookie":{"expires":"2025-05-11T20:10:23.633Z","httpOnly":true,"originalMaxAge":86400000,"path":"/","sameSite":"lax","secure":false}},"sessionID":"au5aZGNiDqc2OOV-PYm6BLvkCPh5-k8k","timestamp":"2025-05-10T20:10:23.633Z","url":"/api/users/login"}
{"cookies":"No cookies","level":"info","message":"User route hit:","method":"POST","origin":"No origin","sessionID":"au5aZGNiDqc2OOV-PYm6BLvkCPh5-k8k","timestamp":"2025-05-10T20:10:23.634Z","url":"/login"}
{"level":"info","message":"Session set:","sessionID":"au5aZGNiDqc2OOV-PYm6BLvkCPh5-k8k","timestamp":"2025-05-10T20:10:23.727Z","user":{"email":"admin1@example.com","id":"681fa603294c50464be6a06c","role":"admin"}}
{"headers":{"access-control-allow-credentials":"true","content-length":"97","content-type":"application/json; charset=utf-8","etag":"W/\"61-581UUrphbITORnUcu4IhSj74EAU\"","set-cookie":["connect.sid=s%3Aau5aZGNiDqc2OOV-PYm6BLvkCPh5-k8k.yPb2ch7DB9BJDlJDwjBA59Vym4T4NAKfWFxQKZoXZJ0; Path=/; Expires=Sun, 11 May 2025 20:10:23 GMT; HttpOnly; SameSite=Lax"],"vary":"Origin","x-powered-by":"Express"},"level":"info","message":"Response headers:","setCookie":["connect.sid=s%3Aau5aZGNiDqc2OOV-PYm6BLvkCPh5-k8k.yPb2ch7DB9BJDlJDwjBA59Vym4T4NAKfWFxQKZoXZJ0; Path=/; Expires=Sun, 11 May 2025 20:10:23 GMT; HttpOnly; SameSite=Lax"],"timestamp":"2025-05-10T20:10:23.761Z","url":"/login"}
{"cookies":"No cookies","level":"info","message":"Session middleware:","session":{"cookie":{"expires":"2025-05-11T20:16:27.944Z","httpOnly":true,"originalMaxAge":86400000,"path":"/","sameSite":"lax","secure":false}},"sessionID":"GCGRfeKiboi3MHdH2wzfq9HO8PwFJ6Dp","timestamp":"2025-05-10T20:16:27.944Z","url":"/api/users/login"}
{"cookies":"No cookies","level":"info","message":"User route hit:","method":"POST","origin":"No origin","sessionID":"GCGRfeKiboi3MHdH2wzfq9HO8PwFJ6Dp","timestamp":"2025-05-10T20:16:27.945Z","url":"/login"}
{"level":"info","message":"Session set:","sessionID":"GCGRfeKiboi3MHdH2wzfq9HO8PwFJ6Dp","timestamp":"2025-05-10T20:16:28.036Z","user":{"email":"admin1@example.com","id":"681fa603294c50464be6a06c","role":"admin"}}
{"headers":{"access-control-allow-credentials":"true","content-length":"97","content-type":"application/json; charset=utf-8","etag":"W/\"61-581UUrphbITORnUcu4IhSj74EAU\"","set-cookie":["connect.sid=s%3AGCGRfeKiboi3MHdH2wzfq9HO8PwFJ6Dp.zkbLrY62mTyMnI0Zalk7Y2zyVFdCy4%2FJpxkM9UeDaLs; Path=/; Expires=Sun, 11 May 2025 20:16:28 GMT; HttpOnly; SameSite=Lax"],"vary":"Origin","x-powered-by":"Express"},"level":"info","message":"Response headers:","setCookie":["connect.sid=s%3AGCGRfeKiboi3MHdH2wzfq9HO8PwFJ6Dp.zkbLrY62mTyMnI0Zalk7Y2zyVFdCy4%2FJpxkM9UeDaLs; Path=/; Expires=Sun, 11 May 2025 20:16:28 GMT; HttpOnly; SameSite=Lax"],"timestamp":"2025-05-10T20:16:28.068Z","url":"/login"}
{"cookies":"connect.sid=s%3AGCGRfeKiboi3MHdH2wzfq9HO8PwFJ6Dp.zkbLrY62mTyMnI0Zalk7Y2zyVFdCy4%2FJpxkM9UeDaLs","level":"info","message":"Session middleware:","session":{"cookie":{"expires":"2025-05-11T20:16:28.036Z","httpOnly":true,"originalMaxAge":86400000,"path":"/","sameSite":"lax","secure":false},"user":{"email":"admin1@example.com","id":"681fa603294c50464be6a06c","role":"admin"}},"sessionID":"GCGRfeKiboi3MHdH2wzfq9HO8PwFJ6Dp","timestamp":"2025-05-10T20:21:31.744Z","url":"/api/users/profile"}
{"cookies":"connect.sid=s%3AGCGRfeKiboi3MHdH2wzfq9HO8PwFJ6Dp.zkbLrY62mTyMnI0Zalk7Y2zyVFdCy4%2FJpxkM9UeDaLs","level":"info","message":"User route hit:","method":"GET","origin":"No origin","sessionID":"GCGRfeKiboi3MHdH2wzfq9HO8PwFJ6Dp","timestamp":"2025-05-10T20:21:31.744Z","url":"/profile"}
{"level":"info","message":"Authenticated user:","timestamp":"2025-05-10T20:21:31.745Z","user":{"email":"admin1@example.com","id":"681fa603294c50464be6a06c","role":"admin"}}
{"email":"admin1@example.com","level":"info","message":"User profile fetched:","timestamp":"2025-05-10T20:21:31.773Z"}
{"headers":{"access-control-allow-credentials":"true","content-length":"97","content-type":"application/json; charset=utf-8","etag":"W/\"61-581UUrphbITORnUcu4IhSj74EAU\"","vary":"Origin","x-powered-by":"Express"},"level":"info","message":"Response headers:","setCookie":"No Set-Cookie header","timestamp":"2025-05-10T20:21:31.806Z","url":"/profile"}
{"level":"info","message":"🚀 Server running on port 5000","timestamp":"2025-05-10T20:27:10.730Z"}
{"level":"info","message":"Connected to MongoDB","timestamp":"2025-05-10T20:27:13.379Z"}
{"cookies":"No cookies","level":"info","message":"Session middleware:","session":{"cookie":{"expires":"2025-05-11T20:28:45.660Z","httpOnly":true,"originalMaxAge":86400000,"path":"/","sameSite":"lax","secure":false}},"sessionID":"_eMyf9OG11RTySyZYlWHYDw3m5NOv1k1","timestamp":"2025-05-10T20:28:45.660Z","url":"/api/users/profile"}
{"cookies":"No cookies","level":"info","message":"User route hit:","method":"GET","origin":"No origin","sessionID":"_eMyf9OG11RTySyZYlWHYDw3m5NOv1k1","timestamp":"2025-05-10T20:28:45.661Z","url":"/profile"}
{"cookies":"No cookies","level":"warn","message":"No session or user found:","sessionID":"_eMyf9OG11RTySyZYlWHYDw3m5NOv1k1","timestamp":"2025-05-10T20:28:45.661Z"}
{"headers":{"access-control-allow-credentials":"true","content-length":"26","content-type":"application/json; charset=utf-8","etag":"W/\"1a-pljHtlo127JYJR4E/RYOPb6ucbw\"","vary":"Origin","x-powered-by":"Express"},"level":"info","message":"Response headers:","setCookie":"No Set-Cookie header","timestamp":"2025-05-10T20:28:45.665Z","url":"/profile"}
{"cookies":"No cookies","level":"info","message":"Session middleware:","session":{"cookie":{"expires":"2025-05-11T20:30:07.113Z","httpOnly":true,"originalMaxAge":86400000,"path":"/","sameSite":"lax","secure":false}},"sessionID":"C7TE2CsLruVYmrnT6tlf-C7-vOBOnEAI","timestamp":"2025-05-10T20:30:07.113Z","url":"/api/users/profile"}
{"cookies":"No cookies","level":"info","message":"User route hit:","method":"GET","origin":"No origin","sessionID":"C7TE2CsLruVYmrnT6tlf-C7-vOBOnEAI","timestamp":"2025-05-10T20:30:07.114Z","url":"/profile"}
{"cookies":"No cookies","level":"warn","message":"No session or user found:","sessionID":"C7TE2CsLruVYmrnT6tlf-C7-vOBOnEAI","timestamp":"2025-05-10T20:30:07.114Z"}
{"headers":{"access-control-allow-credentials":"true","content-length":"26","content-type":"application/json; charset=utf-8","etag":"W/\"1a-pljHtlo127JYJR4E/RYOPb6ucbw\"","vary":"Origin","x-powered-by":"Express"},"level":"info","message":"Response headers:","setCookie":"No Set-Cookie header","timestamp":"2025-05-10T20:30:07.115Z","url":"/profile"}
{"cookies":"No cookies","level":"info","message":"Session middleware:","session":{"cookie":{"expires":"2025-05-11T20:32:20.083Z","httpOnly":true,"originalMaxAge":86400000,"path":"/","sameSite":"lax","secure":false}},"sessionID":"lv-0EtHQN7IwKffjLo4TJxkdNpT-SQZE","timestamp":"2025-05-10T20:32:20.083Z","url":"/api/users/logout"}
{"cookies":"No cookies","level":"info","message":"User route hit:","method":"POST","origin":"No origin","sessionID":"lv-0EtHQN7IwKffjLo4TJxkdNpT-SQZE","timestamp":"2025-05-10T20:32:20.084Z","url":"/logout"}
{"cookies":"No cookies","level":"info","message":"Logout endpoint hit:","sessionID":"lv-0EtHQN7IwKffjLo4TJxkdNpT-SQZE","timestamp":"2025-05-10T20:32:20.084Z"}
{"level":"info","message":"Logout successful","sessionID":"lv-0EtHQN7IwKffjLo4TJxkdNpT-SQZE","setCookie":"connect.sid=; Path=/; Expires=Thu, 01 Jan 1970 00:00:00 GMT; HttpOnly; SameSite=Lax","timestamp":"2025-05-10T20:32:20.112Z"}
{"headers":{"access-control-allow-credentials":"true","content-length":"31","content-type":"application/json; charset=utf-8","etag":"W/\"1f-vYmtThEV0qgPmOaoi5WLoJuDA80\"","set-cookie":"connect.sid=; Path=/; Expires=Thu, 01 Jan 1970 00:00:00 GMT; HttpOnly; SameSite=Lax","vary":"Origin","x-powered-by":"Express"},"level":"info","message":"Response headers:","setCookie":"connect.sid=; Path=/; Expires=Thu, 01 Jan 1970 00:00:00 GMT; HttpOnly; SameSite=Lax","timestamp":"2025-05-10T20:32:20.113Z","url":"/logout"}
{"level":"info","message":"🚀 Server running on port 5000","timestamp":"2025-05-10T20:36:06.076Z"}
{"level":"info","message":"Connected to MongoDB","timestamp":"2025-05-10T20:36:06.639Z"}
{"cookies":"No cookies","level":"info","message":"Session middleware:","session":{"cookie":{"expires":"2025-05-11T20:36:35.658Z","httpOnly":true,"originalMaxAge":86400000,"path":"/","sameSite":"lax","secure":false}},"sessionID":"fbChIlb0wkCH8CTB6Pa242cyVvwIfSOF","timestamp":"2025-05-10T20:36:35.659Z","url":"/api/users/login"}
{"cookies":"No cookies","level":"info","message":"User route hit:","method":"POST","origin":"No origin","sessionID":"fbChIlb0wkCH8CTB6Pa242cyVvwIfSOF","timestamp":"2025-05-10T20:36:35.659Z","url":"/login"}
{"level":"info","message":"Session set:","sessionID":"fbChIlb0wkCH8CTB6Pa242cyVvwIfSOF","timestamp":"2025-05-10T20:36:35.785Z","user":{"email":"admin1@example.com","id":"681fa603294c50464be6a06c","role":"admin"}}
{"headers":{"access-control-allow-credentials":"true","content-length":"97","content-type":"application/json; charset=utf-8","etag":"W/\"61-581UUrphbITORnUcu4IhSj74EAU\"","set-cookie":["connect.sid=s%3AfbChIlb0wkCH8CTB6Pa242cyVvwIfSOF.N9KB1aldWoww4KPRLJhQafEjLt1fZIi8JNCeeFFlzT8; Path=/; Expires=Sun, 11 May 2025 20:36:35 GMT; HttpOnly; SameSite=Lax"],"vary":"Origin","x-powered-by":"Express"},"level":"info","message":"Response headers:","setCookie":["connect.sid=s%3AfbChIlb0wkCH8CTB6Pa242cyVvwIfSOF.N9KB1aldWoww4KPRLJhQafEjLt1fZIi8JNCeeFFlzT8; Path=/; Expires=Sun, 11 May 2025 20:36:35 GMT; HttpOnly; SameSite=Lax"],"timestamp":"2025-05-10T20:36:35.826Z","url":"/login"}
{"cookies":"No cookies","level":"info","message":"Session middleware:","session":{"cookie":{"expires":"2025-05-11T20:53:07.415Z","httpOnly":true,"originalMaxAge":86400000,"path":"/","sameSite":"lax","secure":false}},"sessionID":"Y-mPV6wQLqLvO_DCwJ2nC3ih-eaFYjEK","timestamp":"2025-05-10T20:53:07.415Z","url":"/api/users/login"}
{"cookies":"No cookies","level":"info","message":"User route hit:","method":"POST","origin":"No origin","sessionID":"Y-mPV6wQLqLvO_DCwJ2nC3ih-eaFYjEK","timestamp":"2025-05-10T20:53:07.416Z","url":"/login"}
{"level":"info","message":"Session set:","sessionID":"Y-mPV6wQLqLvO_DCwJ2nC3ih-eaFYjEK","timestamp":"2025-05-10T20:53:07.503Z","user":{"email":"admin1@example.com","id":"681fa603294c50464be6a06c","role":"admin"}}
{"headers":{"access-control-allow-credentials":"true","content-length":"97","content-type":"application/json; charset=utf-8","etag":"W/\"61-581UUrphbITORnUcu4IhSj74EAU\"","set-cookie":["connect.sid=s%3AY-mPV6wQLqLvO_DCwJ2nC3ih-eaFYjEK.aNKYdfKwZvpM%2BdSwN%2BtcqRNQ%2FMN4QWDfk5QsMzcQk6c; Path=/; Expires=Sun, 11 May 2025 20:53:07 GMT; HttpOnly; SameSite=Lax"],"vary":"Origin","x-powered-by":"Express"},"level":"info","message":"Response headers:","setCookie":["connect.sid=s%3AY-mPV6wQLqLvO_DCwJ2nC3ih-eaFYjEK.aNKYdfKwZvpM%2BdSwN%2BtcqRNQ%2FMN4QWDfk5QsMzcQk6c; Path=/; Expires=Sun, 11 May 2025 20:53:07 GMT; HttpOnly; SameSite=Lax"],"timestamp":"2025-05-10T20:53:07.533Z","url":"/login"}
{"cookies":"connect.sid=s%3AY-mPV6wQLqLvO_DCwJ2nC3ih-eaFYjEK.aNKYdfKwZvpM%2BdSwN%2BtcqRNQ%2FMN4QWDfk5QsMzcQk6c","level":"info","message":"Session middleware:","session":{"cookie":{"expires":"2025-05-11T20:53:07.504Z","httpOnly":true,"originalMaxAge":86400000,"path":"/","sameSite":"lax","secure":false},"user":{"email":"admin1@example.com","id":"681fa603294c50464be6a06c","role":"admin"}},"sessionID":"Y-mPV6wQLqLvO_DCwJ2nC3ih-eaFYjEK","timestamp":"2025-05-10T20:55:19.728Z","url":"/api/users/profile"}
{"cookies":"connect.sid=s%3AY-mPV6wQLqLvO_DCwJ2nC3ih-eaFYjEK.aNKYdfKwZvpM%2BdSwN%2BtcqRNQ%2FMN4QWDfk5QsMzcQk6c","level":"info","message":"User route hit:","method":"GET","origin":"No origin","sessionID":"Y-mPV6wQLqLvO_DCwJ2nC3ih-eaFYjEK","timestamp":"2025-05-10T20:55:19.728Z","url":"/profile"}
{"level":"info","message":"Authenticated user:","timestamp":"2025-05-10T20:55:19.729Z","user":{"email":"admin1@example.com","id":"681fa603294c50464be6a06c","role":"admin"}}
{"email":"admin1@example.com","level":"info","message":"User profile fetched:","timestamp":"2025-05-10T20:55:19.758Z"}
{"headers":{"access-control-allow-credentials":"true","content-length":"97","content-type":"application/json; charset=utf-8","etag":"W/\"61-581UUrphbITORnUcu4IhSj74EAU\"","vary":"Origin","x-powered-by":"Express"},"level":"info","message":"Response headers:","setCookie":"No Set-Cookie header","timestamp":"2025-05-10T20:55:19.789Z","url":"/profile"}
{"cookies":"No cookies","level":"info","message":"Session middleware:","session":{"cookie":{"expires":"2025-05-11T20:55:42.970Z","httpOnly":true,"originalMaxAge":86400000,"path":"/","sameSite":"lax","secure":false}},"sessionID":"9TnGzaYj-6P4bO7zrMBkOrBGD1Jalqqn","timestamp":"2025-05-10T20:55:42.970Z","url":"/api/users/profile"}
{"cookies":"No cookies","level":"info","message":"User route hit:","method":"GET","origin":"No origin","sessionID":"9TnGzaYj-6P4bO7zrMBkOrBGD1Jalqqn","timestamp":"2025-05-10T20:55:42.970Z","url":"/profile"}
{"cookies":"No cookies","level":"warn","message":"No session or user found:","sessionID":"9TnGzaYj-6P4bO7zrMBkOrBGD1Jalqqn","timestamp":"2025-05-10T20:55:42.971Z"}
{"headers":{"access-control-allow-credentials":"true","content-length":"26","content-type":"application/json; charset=utf-8","etag":"W/\"1a-pljHtlo127JYJR4E/RYOPb6ucbw\"","vary":"Origin","x-powered-by":"Express"},"level":"info","message":"Response headers:","setCookie":"No Set-Cookie header","timestamp":"2025-05-10T20:55:42.971Z","url":"/profile"}
{"cookies":"connect.sid=s%3AY-mPV6wQLqLvO_DCwJ2nC3ih-eaFYjEK.aNKYdfKwZvpM%2BdSwN%2BtcqRNQ%2FMN4QWDfk5QsMzcQk6c","level":"info","message":"Session middleware:","session":{"cookie":{"expires":"2025-05-11T20:53:07.504Z","httpOnly":true,"originalMaxAge":86400000,"path":"/","sameSite":"lax","secure":false},"user":{"email":"admin1@example.com","id":"681fa603294c50464be6a06c","role":"admin"}},"sessionID":"Y-mPV6wQLqLvO_DCwJ2nC3ih-eaFYjEK","timestamp":"2025-05-10T20:58:09.022Z","url":"/api/users/logout"}
{"cookies":"connect.sid=s%3AY-mPV6wQLqLvO_DCwJ2nC3ih-eaFYjEK.aNKYdfKwZvpM%2BdSwN%2BtcqRNQ%2FMN4QWDfk5QsMzcQk6c","level":"info","message":"User route hit:","method":"POST","origin":"No origin","sessionID":"Y-mPV6wQLqLvO_DCwJ2nC3ih-eaFYjEK","timestamp":"2025-05-10T20:58:09.022Z","url":"/logout"}
{"cookies":"connect.sid=s%3AY-mPV6wQLqLvO_DCwJ2nC3ih-eaFYjEK.aNKYdfKwZvpM%2BdSwN%2BtcqRNQ%2FMN4QWDfk5QsMzcQk6c","level":"info","message":"Logout endpoint hit:","sessionID":"Y-mPV6wQLqLvO_DCwJ2nC3ih-eaFYjEK","timestamp":"2025-05-10T20:58:09.022Z"}
{"level":"info","message":"Logout successful","sessionID":"Y-mPV6wQLqLvO_DCwJ2nC3ih-eaFYjEK","setCookie":"connect.sid=; Path=/; Expires=Thu, 01 Jan 1970 00:00:00 GMT; HttpOnly; SameSite=Lax","timestamp":"2025-05-10T20:58:09.051Z"}
{"headers":{"access-control-allow-credentials":"true","content-length":"31","content-type":"application/json; charset=utf-8","etag":"W/\"1f-vYmtThEV0qgPmOaoi5WLoJuDA80\"","set-cookie":"connect.sid=; Path=/; Expires=Thu, 01 Jan 1970 00:00:00 GMT; HttpOnly; SameSite=Lax","vary":"Origin","x-powered-by":"Express"},"level":"info","message":"Response headers:","setCookie":"connect.sid=; Path=/; Expires=Thu, 01 Jan 1970 00:00:00 GMT; HttpOnly; SameSite=Lax","timestamp":"2025-05-10T20:58:09.051Z","url":"/logout"}
{"cookies":"No cookies","level":"info","message":"Session middleware:","session":{"cookie":{"expires":"2025-05-11T20:58:38.817Z","httpOnly":true,"originalMaxAge":86400000,"path":"/","sameSite":"lax","secure":false}},"sessionID":"GS7obaOv4cVcApy-RbgmRZbww35lMpa5","timestamp":"2025-05-10T20:58:38.817Z","url":"/api/users/profile"}
{"cookies":"No cookies","level":"info","message":"User route hit:","method":"GET","origin":"No origin","sessionID":"GS7obaOv4cVcApy-RbgmRZbww35lMpa5","timestamp":"2025-05-10T20:58:38.817Z","url":"/profile"}
{"cookies":"No cookies","level":"warn","message":"No session or user found:","sessionID":"GS7obaOv4cVcApy-RbgmRZbww35lMpa5","timestamp":"2025-05-10T20:58:38.817Z"}
{"headers":{"access-control-allow-credentials":"true","content-length":"26","content-type":"application/json; charset=utf-8","etag":"W/\"1a-pljHtlo127JYJR4E/RYOPb6ucbw\"","vary":"Origin","x-powered-by":"Express"},"level":"info","message":"Response headers:","setCookie":"No Set-Cookie header","timestamp":"2025-05-10T20:58:38.818Z","url":"/profile"}
{"level":"info","message":"🚀 Server running on port 5000","timestamp":"2025-05-12T16:26:46.678Z"}
{"level":"info","message":"Connected to MongoDB","timestamp":"2025-05-12T16:26:47.590Z"}
{"cookies":"No cookies","level":"info","message":"Session middleware:","session":{"cookie":{"expires":"2025-05-13T16:27:05.769Z","httpOnly":true,"originalMaxAge":86400000,"path":"/","sameSite":"lax","secure":false}},"sessionID":"LBMAx2a4q7JqJOp4GZBibg8_gYwkny_-","timestamp":"2025-05-12T16:27:05.769Z","url":"/api/users/login"}
{"cookies":"No cookies","level":"info","message":"User route hit:","method":"POST","origin":"No origin","sessionID":"LBMAx2a4q7JqJOp4GZBibg8_gYwkny_-","timestamp":"2025-05-12T16:27:05.770Z","url":"/login"}
{"level":"info","message":"Session set:","sessionID":"LBMAx2a4q7JqJOp4GZBibg8_gYwkny_-","timestamp":"2025-05-12T16:27:05.877Z","user":{"email":"admin1@example.com","id":"681fa603294c50464be6a06c","role":"admin"}}
{"headers":{"access-control-allow-credentials":"true","content-length":"97","content-type":"application/json; charset=utf-8","etag":"W/\"61-581UUrphbITORnUcu4IhSj74EAU\"","set-cookie":["connect.sid=s%3ALBMAx2a4q7JqJOp4GZBibg8_gYwkny_-.WRHiaOLhUPzNpCYtSdYtOUO6n%2FlxCO2%2BJUjiUOkGQKs; Path=/; Expires=Tue, 13 May 2025 16:27:05 GMT; HttpOnly; SameSite=Lax"],"vary":"Origin","x-powered-by":"Express"},"level":"info","message":"Response headers:","setCookie":["connect.sid=s%3ALBMAx2a4q7JqJOp4GZBibg8_gYwkny_-.WRHiaOLhUPzNpCYtSdYtOUO6n%2FlxCO2%2BJUjiUOkGQKs; Path=/; Expires=Tue, 13 May 2025 16:27:05 GMT; HttpOnly; SameSite=Lax"],"timestamp":"2025-05-12T16:27:05.913Z","url":"/login"}
{"cookies":"No cookies","level":"info","message":"Session middleware:","session":{"cookie":{"expires":"2025-05-13T16:28:44.633Z","httpOnly":true,"originalMaxAge":86400000,"path":"/","sameSite":"lax","secure":false}},"sessionID":"-s76ZuGPpcqnEWOU3zH9BJbrp0fiNJZu","timestamp":"2025-05-12T16:28:44.633Z","url":"/api/users/profile"}
{"cookies":"No cookies","level":"info","message":"User route hit:","method":"GET","origin":"No origin","sessionID":"-s76ZuGPpcqnEWOU3zH9BJbrp0fiNJZu","timestamp":"2025-05-12T16:28:44.634Z","url":"/profile"}
{"cookies":"No cookies","level":"warn","message":"No session or user found:","sessionID":"-s76ZuGPpcqnEWOU3zH9BJbrp0fiNJZu","timestamp":"2025-05-12T16:28:44.634Z"}
{"headers":{"access-control-allow-credentials":"true","content-length":"26","content-type":"application/json; charset=utf-8","etag":"W/\"1a-pljHtlo127JYJR4E/RYOPb6ucbw\"","vary":"Origin","x-powered-by":"Express"},"level":"info","message":"Response headers:","setCookie":"No Set-Cookie header","timestamp":"2025-05-12T16:28:44.635Z","url":"/profile"}
{"cookies":"connect.sid=s%3ALBMAx2a4q7JqJOp4GZBibg8_gYwkny_-.WRHiaOLhUPzNpCYtSdYtOUO6n%2FlxCO2%2BJUjiUOkGQKs","level":"info","message":"Session middleware:","session":{"cookie":{"expires":"2025-05-13T16:27:05.878Z","httpOnly":true,"originalMaxAge":86400000,"path":"/","sameSite":"lax","secure":false},"user":{"email":"admin1@example.com","id":"681fa603294c50464be6a06c","role":"admin"}},"sessionID":"LBMAx2a4q7JqJOp4GZBibg8_gYwkny_-","timestamp":"2025-05-12T16:30:24.143Z","url":"/api/users/profile"}
{"cookies":"connect.sid=s%3ALBMAx2a4q7JqJOp4GZBibg8_gYwkny_-.WRHiaOLhUPzNpCYtSdYtOUO6n%2FlxCO2%2BJUjiUOkGQKs","level":"info","message":"User route hit:","method":"GET","origin":"No origin","sessionID":"LBMAx2a4q7JqJOp4GZBibg8_gYwkny_-","timestamp":"2025-05-12T16:30:24.143Z","url":"/profile"}
{"level":"info","message":"Authenticated user:","timestamp":"2025-05-12T16:30:24.143Z","user":{"email":"admin1@example.com","id":"681fa603294c50464be6a06c","role":"admin"}}
{"email":"admin1@example.com","level":"info","message":"User profile fetched:","timestamp":"2025-05-12T16:30:24.174Z"}
{"headers":{"access-control-allow-credentials":"true","content-length":"97","content-type":"application/json; charset=utf-8","etag":"W/\"61-581UUrphbITORnUcu4IhSj74EAU\"","vary":"Origin","x-powered-by":"Express"},"level":"info","message":"Response headers:","setCookie":"No Set-Cookie header","timestamp":"2025-05-12T16:30:24.205Z","url":"/profile"}
{"cookies":"connect.sid=s%3ALBMAx2a4q7JqJOp4GZBibg8_gYwkny_-.WRHiaOLhUPzNpCYtSdYtOUO6n%2FlxCO2%2BJUjiUOkGQKs","level":"info","message":"Session middleware:","session":{"cookie":{"expires":"2025-05-13T16:27:05.878Z","httpOnly":true,"originalMaxAge":86400000,"path":"/","sameSite":"lax","secure":false},"user":{"email":"admin1@example.com","id":"681fa603294c50464be6a06c","role":"admin"}},"sessionID":"LBMAx2a4q7JqJOp4GZBibg8_gYwkny_-","timestamp":"2025-05-12T16:32:13.313Z","url":"/api/users/logout"}
{"cookies":"connect.sid=s%3ALBMAx2a4q7JqJOp4GZBibg8_gYwkny_-.WRHiaOLhUPzNpCYtSdYtOUO6n%2FlxCO2%2BJUjiUOkGQKs","level":"info","message":"User route hit:","method":"POST","origin":"No origin","sessionID":"LBMAx2a4q7JqJOp4GZBibg8_gYwkny_-","timestamp":"2025-05-12T16:32:13.314Z","url":"/logout"}
{"cookies":"connect.sid=s%3ALBMAx2a4q7JqJOp4GZBibg8_gYwkny_-.WRHiaOLhUPzNpCYtSdYtOUO6n%2FlxCO2%2BJUjiUOkGQKs","level":"info","message":"Logout endpoint hit:","sessionID":"LBMAx2a4q7JqJOp4GZBibg8_gYwkny_-","timestamp":"2025-05-12T16:32:13.314Z"}
{"level":"info","message":"Logout successful","sessionID":"LBMAx2a4q7JqJOp4GZBibg8_gYwkny_-","setCookie":"connect.sid=; Path=/; Expires=Thu, 01 Jan 1970 00:00:00 GMT; HttpOnly; SameSite=Lax","timestamp":"2025-05-12T16:32:13.343Z"}
{"headers":{"access-control-allow-credentials":"true","content-length":"31","content-type":"application/json; charset=utf-8","etag":"W/\"1f-vYmtThEV0qgPmOaoi5WLoJuDA80\"","set-cookie":"connect.sid=; Path=/; Expires=Thu, 01 Jan 1970 00:00:00 GMT; HttpOnly; SameSite=Lax","vary":"Origin","x-powered-by":"Express"},"level":"info","message":"Response headers:","setCookie":"connect.sid=; Path=/; Expires=Thu, 01 Jan 1970 00:00:00 GMT; HttpOnly; SameSite=Lax","timestamp":"2025-05-12T16:32:13.344Z","url":"/logout"}
{"cookies":"No cookies","level":"info","message":"Session middleware:","session":{"cookie":{"expires":"2025-05-13T16:33:04.207Z","httpOnly":true,"originalMaxAge":86400000,"path":"/","sameSite":"lax","secure":false}},"sessionID":"hfI_oCjl9FLMts8t2KLIadeytY_Idpdu","timestamp":"2025-05-12T16:33:04.207Z","url":"/api/users/profile"}
{"cookies":"No cookies","level":"info","message":"User route hit:","method":"GET","origin":"No origin","sessionID":"hfI_oCjl9FLMts8t2KLIadeytY_Idpdu","timestamp":"2025-05-12T16:33:04.207Z","url":"/profile"}
{"cookies":"No cookies","level":"warn","message":"No session or user found:","sessionID":"hfI_oCjl9FLMts8t2KLIadeytY_Idpdu","timestamp":"2025-05-12T16:33:04.207Z"}
{"headers":{"access-control-allow-credentials":"true","content-length":"26","content-type":"application/json; charset=utf-8","etag":"W/\"1a-pljHtlo127JYJR4E/RYOPb6ucbw\"","vary":"Origin","x-powered-by":"Express"},"level":"info","message":"Response headers:","setCookie":"No Set-Cookie header","timestamp":"2025-05-12T16:33:04.208Z","url":"/profile"}
